<?xml version="1.0" encoding="UTF-8"?>
<!-- Generated by org.testng.reporters.JUnitXMLReporter -->
<testsuite ignored="3" hostname="CHNMCT313986L" failures="0" tests="3" name="Test" time="0.139" errors="0" timestamp="2022-07-05T21:47:12 IST">
  <testcase classname="Groups.Flipkart" name="fSearchProduct" time="0.019"/>
  <testcase classname="Groups.Amazon" name="aLogin" time="0.003"/>
  <testcase classname="Groups.Amazon" name="aSearchProduct" time="0.002"/>
  <testcase classname="Groups.Amazon" name="aSelectProduct" time="0.0">
    <ignored/>
  </testcase> <!-- aSelectProduct -->
  <testcase classname="Groups.Flipkart" name="fSelectProduct" time="0.0">
    <ignored/>
  </testcase> <!-- fSelectProduct -->
  <testcase classname="Groups.Flipkart" name="fLogin" time="0.0">
    <ignored/>
  </testcase> <!-- fLogin -->
</testsuite> <!-- Test -->
