<?xml version="1.0" encoding="UTF-8"?>
<testng-results ignored="3" total="6" passed="3" failed="0" skipped="0">
  <reporter-output>
  </reporter-output>
  <suite started-at="2022-07-05T21:47:12 IST" name="Suite" finished-at="2022-07-05T21:47:12 IST" duration-ms="139">
    <groups>
      <group name="Regression Test">
        <method signature="Amazon.aSearchProduct()[pri:0, instance:Groups.Amazon@3246fb96]" name="aSearchProduct" class="Groups.Amazon"/>
      </group> <!-- Regression Test -->
      <group name="Smoke Test">
        <method signature="Amazon.aLogin()[pri:0, instance:Groups.Amazon@3246fb96]" name="aLogin" class="Groups.Amazon"/>
        <method signature="Amazon.aSearchProduct()[pri:0, instance:Groups.Amazon@3246fb96]" name="aSearchProduct" class="Groups.Amazon"/>
        <method signature="Flipkart.fSearchProduct()[pri:0, instance:Groups.Flipkart@5136d012]" name="fSearchProduct" class="Groups.Flipkart"/>
      </group> <!-- Smoke Test -->
    </groups>
    <test started-at="2022-07-05T21:47:12 IST" name="Test" finished-at="2022-07-05T21:47:12 IST" duration-ms="139">
      <class name="Groups.Amazon">
        <test-method signature="aLogin()[pri:0, instance:Groups.Amazon@3246fb96]" started-at="2022-07-05T21:47:12 IST" name="aLogin" finished-at="2022-07-05T21:47:12 IST" duration-ms="3" status="PASS">
          <reporter-output>
          </reporter-output>
        </test-method> <!-- aLogin -->
        <test-method signature="aSearchProduct()[pri:0, instance:Groups.Amazon@3246fb96]" started-at="2022-07-05T21:47:12 IST" name="aSearchProduct" finished-at="2022-07-05T21:47:12 IST" duration-ms="2" status="PASS">
          <reporter-output>
          </reporter-output>
        </test-method> <!-- aSearchProduct -->
      </class> <!-- Groups.Amazon -->
      <class name="Groups.Flipkart">
        <test-method signature="fSearchProduct()[pri:0, instance:Groups.Flipkart@5136d012]" started-at="2022-07-05T21:47:12 IST" name="fSearchProduct" finished-at="2022-07-05T21:47:12 IST" duration-ms="19" status="PASS">
          <reporter-output>
          </reporter-output>
        </test-method> <!-- fSearchProduct -->
      </class> <!-- Groups.Flipkart -->
    </test> <!-- Test -->
  </suite> <!-- Suite -->
</testng-results>
